Arguments: 
  /usr/local/bin/node /usr/local/bin/yarn start

PATH: 
  /Users/przezorscy/.rvm/gems/ruby-2.5.1/bin:/Users/przezorscy/.rvm/gems/ruby-2.5.1@global/bin:/Users/przezorscy/.rvm/rubies/ruby-2.5.1/bin:/usr/local/bin:/usr/bin:/bin:/usr/sbin:/sbin:/Users/przezorscy/.rvm/gems/ruby-2.5.1/bin:/Users/przezorscy/.rvm/gems/ruby-2.5.1@global/bin:/Users/przezorscy/.rvm/rubies/ruby-2.5.1/bin:/Users/przezorscy/.rvm/bin:/Users/przezorscy/.rvm/bin

Yarn version: 
  1.5.1

Node version: 
  8.10.0

Platform: 
  darwin x64

npm manifest: 
  No manifest

yarn manifest: 
  No manifest

Lockfile: 
  No lockfile

Trace: 
  Error: Couldn't find a package.json file in "/Users/przezorscy/Documents/Coding/WeatherApp"
      at new MessageError (/usr/local/lib/node_modules/yarn/lib/cli.js:186:110)
      at /usr/local/lib/node_modules/yarn/lib/cli.js:40048:15
      at Generator.next (<anonymous>)
      at step (/usr/local/lib/node_modules/yarn/lib/cli.js:98:30)
      at /usr/local/lib/node_modules/yarn/lib/cli.js:109:13
      at <anonymous>
